<?xml version="1.0" encoding="UTF-8"?>
<!-- Generated by org.testng.reporters.JUnitReportReporter -->
<testsuite hostname="DESKTOP-8JP43KG" failures="0" tests="4" name="api.test.weatherTest" time="3.682" errors="0" timestamp="2024-11-03T00:45:54 IST" skipped="0">
  <testcase classname="api.test.weatherTest" name="testReadAdmin" time="2.255"/>
  <system-out/>
  <testcase classname="api.test.weatherTest" name="testCountryUnauth" time="0.473"/>
  <system-out/>
  <testcase classname="api.test.weatherTest" name="testCountry" time="0.452"/>
  <system-out/>
  <testcase classname="api.test.weatherTest" name="testOneDayWeather" time="0.502"/>
  <system-out/>
</testsuite> <!-- api.test.weatherTest -->
